> Total time: 8.631000 s
--------------------------------------------------------------------------------------
| FILE                : FUNCTION                    : LINE   : TIME   : %     : #    |
--------------------------------------------------------------------------------------
| .\sunfish           : search                      :   443  : 8.3720 : 97.0  :    3 |
| .\sunfish           : bound                       :   357  : 6.9560 : 80.6  :  798 |
| .\sunfish           : Anon                        :   391  : 3.0850 : 35.7  : 34099|
| .\sunfish           : value                       :   287  : 2.7090 : 31.4  : 69089|
| .\sunfish           : swapcase                    :   153  : 2.5360 : 29.4  :  779 |
| .\sunfish           : genMoves                    :   188  : 2.3460 : 27.2  :  361 |
| .\sunfish           : islower                     :   147  : 0.9160 : 10.6  : 163368|
| .\sunfish           : isupper                     :   142  : 0.4720 : 5.5   : 64286|
| .\sunfish           : printboard                  :   536  : 0.2310 : 2.7   :    6 |
| .\sunfish           : isspace                     :   132  : 0.1460 : 1.7   : 29493|
| .\sunfish           : new                         :   168  : 0.0310 : 0.4   : 1312 |
| .\sunfish           : put                         :   247  : 0.0300 : 0.3   : 1126 |
| .\sunfish           : tp_get                      :   335  : 0.0140 : 0.2   :  801 |
| .\sunfish           : tp_set                      :   323  : 0.0030 : 0.0   :  108 |
| .\sunfish           : strsplit                    :   521  : 0.0010 : 0.0   :    6 |
--------------------------------------------------------------------------------------
| .\sunfish           : render                      :   505  : ~      : ~     :    6 |
| .\profiler          : stop                        :   225  : ~      : ~     :    1 |
| .\sunfish           : move                        :   243  : ~      : ~     :  533 |
| .\sunfish           : rotate                      :   237  : ~      : ~     :  779 |
--------------------------------------------------------------------------------------
