> Total time: 8.041000 s
--------------------------------------------------------------------------------------
| FILE                : FUNCTION                    : LINE   : TIME   : %     : #    |
--------------------------------------------------------------------------------------
| .\sunfish           : bound                       :   397  : 7.9150 : 98.4  :  960 |
| .\sunfish           : search                      :   484  : 7.7310 : 96.1  :    4 |
| .\sunfish           : Anon                        :   432  : 3.6180 : 45.0  : 43366|
| .\sunfish           : value                       :   322  : 3.1640 : 39.3  : 87848|
| .\sunfish           : genMoves                    :   206  : 2.7520 : 34.2  :  452 |
| .\sunfish           : swapcase                    :   174  : 0.9160 : 11.4  :  938 |
| .\sunfish           : isupper                     :   141  : 0.5240 : 6.5   : 80826|
| .\sunfish           : islower                     :   148  : 0.3920 : 4.9   : 88937|
| .\sunfish           : printboard                  :   581  : 0.2970 : 3.7   :    8 |
| .\sunfish           : isspace                     :   131  : 0.1680 : 2.1   : 36838|
| .\sunfish           : new                         :   185  : 0.0360 : 0.4   : 1602 |
| .\sunfish           : put                         :   273  : 0.0320 : 0.4   : 1398 |
| .\sunfish           : tp_get                      :   374  : 0.0110 : 0.1   :  964 |
| .\sunfish           : strsplit                    :   566  : 0.0050 : 0.1   :    8 |
| .\sunfish           : tp_set                      :   361  : 0.0050 : 0.1   :  148 |
--------------------------------------------------------------------------------------
| .\sunfish           : render                      :   548  : ~      : ~     :    8 |
| .\profiler          : stop                        :   225  : ~      : ~     :    1 |
| .\sunfish           : move                        :   269  : ~      : ~     :  664 |
| .\sunfish           : rotate                      :   265  : ~      : ~     :  938 |
--------------------------------------------------------------------------------------
