> Total time: 10.504000 s
--------------------------------------------------------------------------------------
| FILE                : FUNCTION                    : LINE   : TIME   : %     : #    |
--------------------------------------------------------------------------------------
| .\sunfish           : search                      :   443  : 10.2420: 97.5  :    3 |
| .\sunfish           : bound                       :   357  : 8.3450 : 79.4  :  798 |
| .\sunfish           : Anon                        :   391  : 3.6440 : 34.7  : 34099|
| .\sunfish           : swapcase                    :   153  : 3.3070 : 31.5  :  779 |
| .\sunfish           : value                       :   287  : 3.2810 : 31.2  : 69089|
| .\sunfish           : genMoves                    :   188  : 2.9190 : 27.8  :  361 |
| .\sunfish           : islower                     :   147  : 2.2520 : 21.4  : 163368|
| .\sunfish           : isupper                     :   142  : 1.0090 : 9.6   : 64286|
| .\sunfish           : printboard                  :   536  : 0.2380 : 2.3   :    6 |
| .\sunfish           : isspace                     :   132  : 0.1700 : 1.6   : 29493|
| .\sunfish           : new                         :   168  : 0.0280 : 0.3   : 1312 |
| .\sunfish           : put                         :   247  : 0.0220 : 0.2   : 1126 |
| .\sunfish           : tp_get                      :   335  : 0.0130 : 0.1   :  801 |
| .\sunfish           : strsplit                    :   521  : 0.0020 : 0.0   :    6 |
| .\sunfish           : tp_set                      :   323  : 0.0020 : 0.0   :  108 |
--------------------------------------------------------------------------------------
| .\sunfish           : render                      :   505  : ~      : ~     :    6 |
| .\profiler          : stop                        :   225  : ~      : ~     :    1 |
| .\sunfish           : move                        :   243  : ~      : ~     :  533 |
| .\sunfish           : rotate                      :   237  : ~      : ~     :  779 |
--------------------------------------------------------------------------------------
